<?xml version="1.0" encoding="UTF-8"?>
<testng-results ignored="0" total="1" passed="1" failed="0" skipped="0">
  <reporter-output>
  </reporter-output>
  <suite started-at="2024-03-12T16:06:30 IST" name="Surefire suite" finished-at="2024-03-12T16:06:30 IST" duration-ms="8">
    <groups>
    </groups>
    <test started-at="2024-03-12T16:06:30 IST" name="Surefire test" finished-at="2024-03-12T16:06:30 IST" duration-ms="8">
      <class name="Test.Test_script.AppTest">
        <test-method signature="testApp()[pri:0, instance:testApp(Test.Test_script.AppTest)]" started-at="2024-03-12T16:06:30 IST" name="testApp" finished-at="2024-03-12T16:06:30 IST" duration-ms="1" status="PASS">
          <reporter-output>
          </reporter-output>
        </test-method> <!-- testApp -->
      </class> <!-- Test.Test_script.AppTest -->
    </test> <!-- Surefire test -->
  </suite> <!-- Surefire suite -->
</testng-results>
