<?xml version="1.0" encoding="UTF-8"?>
<testng-results ignored="0" total="1" passed="1" failed="0" skipped="0">
  <reporter-output>
  </reporter-output>
  <suite started-at="2024-03-12T16:06:20 IST" name="Surefire suite" finished-at="2024-03-12T16:06:30 IST" duration-ms="9650">
    <groups>
    </groups>
    <test started-at="2024-03-12T16:06:20 IST" name="Surefire test" finished-at="2024-03-12T16:06:30 IST" duration-ms="9650">
      <class name="Test.Test_script.Testng">
        <test-method signature="lunch()[pri:0, instance:Test.Test_script.Testng@197d671]" started-at="2024-03-12T16:06:20 IST" name="lunch" finished-at="2024-03-12T16:06:30 IST" duration-ms="9624" status="PASS">
          <reporter-output>
          </reporter-output>
        </test-method> <!-- lunch -->
      </class> <!-- Test.Test_script.Testng -->
    </test> <!-- Surefire test -->
  </suite> <!-- Surefire suite -->
</testng-results>
