<?xml version="1.0" encoding="UTF-8"?>
<testng-results ignored="0" total="1" passed="1" failed="0" skipped="0">
  <reporter-output>
  </reporter-output>
  <suite started-at="2024-03-12T18:11:57 IST" name="Suite" finished-at="2024-03-12T18:12:02 IST" duration-ms="5338">
    <groups>
    </groups>
    <test started-at="2024-03-12T18:11:57 IST" name="Test" finished-at="2024-03-12T18:12:02 IST" duration-ms="5338">
      <class name="Test.Test_script.Testng">
        <test-method signature="lunch()[pri:0, instance:Test.Test_script.Testng@5fbdfdcf]" started-at="2024-03-12T18:11:57 IST" name="lunch" finished-at="2024-03-12T18:12:02 IST" duration-ms="5306" status="PASS">
          <reporter-output>
          </reporter-output>
        </test-method> <!-- lunch -->
      </class> <!-- Test.Test_script.Testng -->
    </test> <!-- Test -->
  </suite> <!-- Suite -->
</testng-results>
